Flow report for lab5_1_Kostenko
Fri Jun 16 19:46:53 2023
Quartus II 64-Bit Version 13.0.1 Build 232 06/12/2013 Service Pack 1 SJ Web Edition


---------------------
; Table of Contents ;
---------------------
  1. Legal Notice
  2. Flow Summary
  3. Flow Settings
  4. Flow Non-Default Global Settings
  5. Flow Elapsed Time
  6. Flow OS Summary
  7. Flow Log
  8. Flow Messages
  9. Flow Suppressed Messages



----------------
; Legal Notice ;
----------------
Copyright (C) 1991-2013 Altera Corporation
Your use of Altera Corporation's design tools, logic functions 
and other software and tools, and its AMPP partner logic 
functions, and any output files from any of the foregoing 
(including device programming or simulation files), and any 
associated documentation or information are expressly subject 
to the terms and conditions of the Altera Program License 
Subscription Agreement, Altera MegaCore Function License 
Agreement, or other applicable license agreement, including, 
without limitation, that your use is for the sole purpose of 
programming logic devices manufactured by Altera and sold by 
Altera or its authorized distributors.  Please refer to the 
applicable agreement for further details.



+--------------------------------------------------------------------------------------+
; Flow Summary                                                                         ;
+------------------------------------+-------------------------------------------------+
; Flow Status                        ; Successful - Fri Jun 16 19:46:52 2023           ;
; Quartus II 64-Bit Version          ; 13.0.1 Build 232 06/12/2013 SP 1 SJ Web Edition ;
; Revision Name                      ; lab5_1_Kostenko                                 ;
; Top-level Entity Name              ; lab5_3_Kostenko                                 ;
; Family                             ; Cyclone IV GX                                   ;
; Total logic elements               ; 17 / 14,400 ( < 1 % )                           ;
;     Total combinational functions  ; 17 / 14,400 ( < 1 % )                           ;
;     Dedicated logic registers      ; 16 / 14,400 ( < 1 % )                           ;
; Total registers                    ; 16                                              ;
; Total pins                         ; 19 / 81 ( 23 % )                                ;
; Total virtual pins                 ; 0                                               ;
; Total memory bits                  ; 0 / 552,960 ( 0 % )                             ;
; Embedded Multiplier 9-bit elements ; 0                                               ;
; Total GXB Receiver Channel PCS     ; 0 / 2 ( 0 % )                                   ;
; Total GXB Receiver Channel PMA     ; 0 / 2 ( 0 % )                                   ;
; Total GXB Transmitter Channel PCS  ; 0 / 2 ( 0 % )                                   ;
; Total GXB Transmitter Channel PMA  ; 0 / 2 ( 0 % )                                   ;
; Total PLLs                         ; 0 / 3 ( 0 % )                                   ;
; Device                             ; EP4CGX15BF14C6                                  ;
; Timing Models                      ; Final                                           ;
+------------------------------------+-------------------------------------------------+


+-----------------------------------------+
; Flow Settings                           ;
+-------------------+---------------------+
; Option            ; Setting             ;
+-------------------+---------------------+
; Start date & time ; 06/16/2023 19:46:40 ;
; Main task         ; Compilation         ;
; Revision Name     ; lab5_1_Kostenko     ;
+-------------------+---------------------+


+--------------------------------------------------------------------------------------------------------------------------------+
; Flow Non-Default Global Settings                                                                                               ;
+--------------------------------------+--------------------------------+-----------------+-----------------+--------------------+
; Assignment Name                      ; Value                          ; Default Value   ; Entity Name     ; Section Id         ;
+--------------------------------------+--------------------------------+-----------------+-----------------+--------------------+
; COMPILER_SIGNATURE_ID                ; 71052589119972.168693400004160 ; --              ; --              ; --                 ;
; EDA_DESIGN_INSTANCE_NAME             ; NA                             ; --              ; --              ; lab5_1_Kostenko_tb ;
; EDA_DESIGN_INSTANCE_NAME             ; NA                             ; --              ; --              ; lab5_2_Kostenko_tb ;
; EDA_DESIGN_INSTANCE_NAME             ; NA                             ; --              ; --              ; lab5_3_Kostenko_tb ;
; EDA_NATIVELINK_SIMULATION_TEST_BENCH ; lab5_3_Kostenko_tb             ; --              ; --              ; eda_simulation     ;
; EDA_OUTPUT_DATA_FORMAT               ; Vhdl                           ; --              ; --              ; eda_simulation     ;
; EDA_SIMULATION_TOOL                  ; ModelSim-Altera (VHDL)         ; <None>          ; --              ; --                 ;
; EDA_TEST_BENCH_ENABLE_STATUS         ; TEST_BENCH_MODE                ; --              ; --              ; eda_simulation     ;
; EDA_TEST_BENCH_FILE                  ; lab5_1_Kostenko_tb.vhd         ; --              ; --              ; lab5_1_Kostenko_tb ;
; EDA_TEST_BENCH_FILE                  ; lab5_2_Kostenko_tb.vhd         ; --              ; --              ; lab5_2_Kostenko_tb ;
; EDA_TEST_BENCH_FILE                  ; lab5_3_Kostenko_tb.vhd         ; --              ; --              ; lab5_3_Kostenko_tb ;
; EDA_TEST_BENCH_MODULE_NAME           ; lab5_1_Kostenko_tb             ; --              ; --              ; lab5_1_Kostenko_tb ;
; EDA_TEST_BENCH_MODULE_NAME           ; lab5_2_Kostenko_tb             ; --              ; --              ; lab5_2_Kostenko_tb ;
; EDA_TEST_BENCH_MODULE_NAME           ; lab5_3_Kostenko_tb             ; --              ; --              ; lab5_3_Kostenko_tb ;
; EDA_TEST_BENCH_NAME                  ; lab5_1_Kostenko_tb             ; --              ; --              ; eda_simulation     ;
; EDA_TEST_BENCH_NAME                  ; lab5_2_Kostenko_tb             ; --              ; --              ; eda_simulation     ;
; EDA_TEST_BENCH_NAME                  ; lab5_3_Kostenko_tb             ; --              ; --              ; eda_simulation     ;
; EDA_TEST_BENCH_RUN_SIM_FOR           ; 140 ns                         ; --              ; --              ; lab5_1_Kostenko_tb ;
; EDA_TEST_BENCH_RUN_SIM_FOR           ; 300 ns                         ; --              ; --              ; lab5_2_Kostenko_tb ;
; EDA_TEST_BENCH_RUN_SIM_FOR           ; 250 ns                         ; --              ; --              ; lab5_3_Kostenko_tb ;
; PARTITION_COLOR                      ; 16764057                       ; --              ; lab5_3_Kostenko ; Top                ;
; PARTITION_FITTER_PRESERVATION_LEVEL  ; PLACEMENT_AND_ROUTING          ; --              ; lab5_3_Kostenko ; Top                ;
; PARTITION_NETLIST_TYPE               ; SOURCE                         ; --              ; lab5_3_Kostenko ; Top                ;
; PROJECT_OUTPUT_DIRECTORY             ; output_files                   ; --              ; --              ; --                 ;
; TOP_LEVEL_ENTITY                     ; lab5_3_Kostenko                ; lab5_1_Kostenko ; --              ; --                 ;
+--------------------------------------+--------------------------------+-----------------+-----------------+--------------------+


+-------------------------------------------------------------------------------------------------------------------------------+
; Flow Elapsed Time                                                                                                             ;
+---------------------------+--------------+-------------------------+---------------------+------------------------------------+
; Module Name               ; Elapsed Time ; Average Processors Used ; Peak Virtual Memory ; Total CPU Time (on all processors) ;
+---------------------------+--------------+-------------------------+---------------------+------------------------------------+
; Analysis & Synthesis      ; 00:00:02     ; 1.0                     ; 4685 MB             ; 00:00:01                           ;
; Fitter                    ; 00:00:04     ; 1.0                     ; 4984 MB             ; 00:00:05                           ;
; Assembler                 ; 00:00:01     ; 1.0                     ; 4612 MB             ; 00:00:01                           ;
; TimeQuest Timing Analyzer ; 00:00:02     ; 1.0                     ; 4612 MB             ; 00:00:02                           ;
; EDA Netlist Writer        ; 00:00:00     ; 1.0                     ; 4569 MB             ; 00:00:01                           ;
; Total                     ; 00:00:09     ; --                      ; --                  ; 00:00:10                           ;
+---------------------------+--------------+-------------------------+---------------------+------------------------------------+


+----------------------------------------------------------------------------------------+
; Flow OS Summary                                                                        ;
+---------------------------+------------------+-----------+------------+----------------+
; Module Name               ; Machine Hostname ; OS Name   ; OS Version ; Processor type ;
+---------------------------+------------------+-----------+------------+----------------+
; Analysis & Synthesis      ; WIN-4R67VDFPCDE  ; Windows 7 ; 6.2        ; x86_64         ;
; Fitter                    ; WIN-4R67VDFPCDE  ; Windows 7 ; 6.2        ; x86_64         ;
; Assembler                 ; WIN-4R67VDFPCDE  ; Windows 7 ; 6.2        ; x86_64         ;
; TimeQuest Timing Analyzer ; WIN-4R67VDFPCDE  ; Windows 7 ; 6.2        ; x86_64         ;
; EDA Netlist Writer        ; WIN-4R67VDFPCDE  ; Windows 7 ; 6.2        ; x86_64         ;
+---------------------------+------------------+-----------+------------+----------------+


------------
; Flow Log ;
------------
quartus_map --read_settings_files=on --write_settings_files=off lab5_1_Kostenko -c lab5_1_Kostenko
quartus_fit --read_settings_files=off --write_settings_files=off lab5_1_Kostenko -c lab5_1_Kostenko
quartus_asm --read_settings_files=off --write_settings_files=off lab5_1_Kostenko -c lab5_1_Kostenko
quartus_sta lab5_1_Kostenko -c lab5_1_Kostenko
quartus_eda --read_settings_files=off --write_settings_files=off lab5_1_Kostenko -c lab5_1_Kostenko



